2026-04-26 03:04:16,330 - INFO - アクセス中: http://newmanager.cityheaven.net/
2026-04-26 03:04:24,810 - INFO - ログイン情報を入力中...
2026-04-26 03:04:54,882 - ERROR - エラーが発生しました (試行 1/3): Page.fill: Timeout 30000ms exceeded.
Call log:
  - waiting for locator("input[name=\"txt_account\"]")
    - locator resolved to 2 elements. Proceeding with the first one: <input id="id" value="" size="15" type="text" tabindex="1" maxlength="40" name="txt_account"/>
    - fill("1710056980")
  - attempting fill action
    2 × waiting for element to be visible, enabled and editable
      - element is not visible
    - retrying fill action
    - waiting 20ms
    2 × waiting for element to be visible, enabled and editable
      - element is not visible
    - retrying fill action
      - waiting 100ms
    59 × waiting for element to be visible, enabled and editable
       - element is not visible
     - retrying fill action
       - waiting 500ms

2026-04-26 03:04:54,883 - INFO - 300秒後にリトライします...
2026-04-26 03:05:19,538 - INFO - アクセス中: http://newmanager.cityheaven.net/
2026-04-26 03:05:28,424 - INFO - ログイン情報を入力中...
2026-04-26 03:05:31,324 - INFO - ログイン中...
2026-04-26 03:05:37,474 - INFO - 更新ボタンを探索中...
2026-04-26 03:05:37,501 - INFO - 更新ボタンを発見しました (セレクタ: text="更新")。クリックします。
2026-04-26 03:05:40,326 - INFO - 更新ボタンのクリックに成功しました。
2026-04-26 03:12:29,439 - INFO - アクセス中: http://newmanager.cityheaven.net/
2026-04-26 03:12:38,139 - INFO - ログイン情報を入力中...
2026-04-26 03:12:40,544 - INFO - ログイン中...
2026-04-26 03:12:45,598 - INFO - 更新ボタンを探索中...
2026-04-26 03:12:45,628 - INFO - 更新ボタンを発見しました (セレクタ: text="更新")。クリックします。
2026-04-26 03:12:48,819 - INFO - 更新ボタンのクリックに成功しました。
2026-04-26 03:15:59,851 - INFO - アクセス中: http://newmanager.cityheaven.net/
2026-04-26 03:16:07,464 - INFO - ログイン情報を入力中...
2026-04-26 03:16:11,321 - INFO - ログイン中...
2026-04-26 03:16:17,327 - INFO - 更新ボタンを探索中...
2026-04-26 03:16:17,370 - INFO - 更新ボタンを発見しました (セレクタ: text="更新")。クリックします。
2026-04-26 03:16:19,952 - INFO - 更新ボタンのクリックに成功しました。
2026-04-26 03:19:43,051 - INFO - アクセス中: http://newmanager.cityheaven.net/
2026-04-26 03:19:51,985 - INFO - ログイン情報を入力中...
2026-04-26 03:19:54,992 - INFO - ログイン中...
2026-04-26 03:20:00,325 - INFO - 更新ボタンを探索中...
2026-04-26 03:20:00,394 - INFO - 直接探索でボタンを特定しました: button:has-text("更新")
2026-04-26 03:20:01,943 - INFO - 更新ボタンをクリックします。
2026-04-26 03:20:02,014 - INFO - ダイアログを承認: お店ページの更新日時を更新しますか？
2026-04-26 03:20:02,027 - INFO - 処理完了を待機中...
2026-04-26 03:20:07,401 - INFO - 更新処理を完了しました。結果を確認します。
2026-04-26 03:20:07,731 - INFO - 現在の画面表示: 最終更新日時
2026-04-26 03:39:30,048 - INFO - アクセス中: http://newmanager.cityheaven.net/
2026-04-26 03:39:40,317 - INFO - ログイン情報を入力中...
2026-04-26 03:39:43,722 - INFO - ログイン中...
2026-04-26 03:39:50,546 - INFO - 更新ボタンを探索中...
2026-04-26 03:39:50,638 - INFO - 直接探索でボタンを特定しました: button:has-text("更新")
2026-04-26 03:39:52,548 - INFO - 更新ボタンをクリックします。
2026-04-26 03:39:52,608 - INFO - ダイアログを承認: お店ページの更新日時を更新しますか？
2026-04-26 03:39:52,616 - INFO - 処理完了を待機中...
2026-04-26 03:40:00,214 - INFO - 更新処理を完了しました。結果を確認します。
2026-04-26 03:40:00,316 - INFO - 現在の画面表示: 最終更新日時
2026-04-26 12:21:23,258 - INFO - アクセス中: http://newmanager.cityheaven.net/
2026-04-26 12:21:23,309 - ERROR - エラーが発生しました (試行 1/3): Page.goto: net::ERR_INTERNET_DISCONNECTED at http://newmanager.cityheaven.net/
Call log:
  - navigating to "http://newmanager.cityheaven.net/", waiting until "load"

2026-04-26 12:21:23,309 - INFO - 300秒後にリトライします...
2026-04-26 14:37:18,185 - INFO - アクセス中: http://newmanager.cityheaven.net/
2026-04-26 14:37:18,245 - ERROR - エラーが発生しました (試行 2/3): Page.goto: net::ERR_INTERNET_DISCONNECTED at http://newmanager.cityheaven.net/
Call log:
  - navigating to "http://newmanager.cityheaven.net/", waiting until "load"

2026-04-26 14:37:18,245 - INFO - 300秒後にリトライします...
2026-04-26 16:38:41,096 - INFO - アクセス中: http://newmanager.cityheaven.net/
2026-04-26 16:38:41,144 - ERROR - エラーが発生しました (試行 3/3): Page.goto: net::ERR_INTERNET_DISCONNECTED at http://newmanager.cityheaven.net/
Call log:
  - navigating to "http://newmanager.cityheaven.net/", waiting until "load"

2026-04-26 16:38:41,145 - ERROR - 最大リトライ回数に達しました。
2026-04-26 16:38:41,672 - INFO - アクセス中: http://newmanager.cityheaven.net/
2026-04-26 16:38:41,716 - ERROR - エラーが発生しました (試行 1/3): Page.goto: net::ERR_INTERNET_DISCONNECTED at http://newmanager.cityheaven.net/
Call log:
  - navigating to "http://newmanager.cityheaven.net/", waiting until "load"

2026-04-26 16:38:41,716 - INFO - 300秒後にリトライします...
2026-04-26 21:23:51,603 - INFO - アクセス中: http://newmanager.cityheaven.net/
2026-04-26 21:23:51,665 - ERROR - エラーが発生しました (試行 2/3): Page.goto: net::ERR_INTERNET_DISCONNECTED at http://newmanager.cityheaven.net/
Call log:
  - navigating to "http://newmanager.cityheaven.net/", waiting until "load"

2026-04-26 21:23:51,665 - INFO - 300秒後にリトライします...
2026-04-26 22:50:30,060 - INFO - アクセス中: http://newmanager.cityheaven.net/
2026-04-26 22:50:50,464 - INFO - ログイン情報を入力中...
2026-04-26 22:50:53,589 - INFO - ログイン中...
2026-04-26 22:51:03,882 - INFO - 更新ボタンを探索中...
2026-04-26 22:51:03,907 - INFO - 直接探索でボタンを特定しました: button:has-text("更新")
2026-04-26 22:51:05,943 - INFO - 更新ボタンをクリックします。
2026-04-26 22:51:05,986 - INFO - ダイアログを承認: お店ページの更新日時を更新しますか？
2026-04-26 22:51:05,994 - INFO - 処理完了を待機中...
2026-04-26 22:51:11,526 - INFO - 更新処理を完了しました。結果を確認します。
2026-04-26 22:51:11,620 - INFO - 現在の画面表示: 最終更新日時
2026-04-26 22:52:13,294 - INFO - アクセス中: http://newmanager.cityheaven.net/
2026-04-26 22:52:43,359 - ERROR - エラーが発生しました (試行 1/3): Page.goto: Timeout 30000ms exceeded.
Call log:
  - navigating to "http://newmanager.cityheaven.net/", waiting until "load"

2026-04-26 22:52:43,359 - INFO - 300秒後にリトライします...
2026-04-27 02:27:07,817 - ERROR - エラーが発生しました (試行 2/3): BrowserType.launch: Timeout 180000ms exceeded.
Call log:
  - <launching> /Users/nagaokeisuke/Library/Caches/ms-playwright/chromium_headless_shell-1208/chrome-headless-shell-mac-arm64/chrome-headless-shell --disable-field-trial-config --disable-background-networking --disable-background-timer-throttling --disable-backgrounding-occluded-windows --disable-back-forward-cache --disable-breakpad --disable-client-side-phishing-detection --disable-component-extensions-with-background-pages --disable-component-update --no-default-browser-check --disable-default-apps --disable-dev-shm-usage --disable-extensions --disable-features=AvoidUnnecessaryBeforeUnloadCheckSync,BoundaryEventDispatchTracksNodeRemoval,DestroyProfileOnBrowserClose,DialMediaRouteProvider,GlobalMediaControls,HttpsUpgrades,LensOverlay,MediaRouter,PaintHolding,ThirdPartyStoragePartitioning,Translate,AutoDeElevate,RenderDocument,OptimizationHints --enable-features=CDPScreenshotNewSurface --allow-pre-commit-input --disable-hang-monitor --disable-ipc-flooding-protection --disable-popup-blocking --disable-prompt-on-repost --disable-renderer-backgrounding --force-color-profile=srgb --metrics-recording-only --no-first-run --password-store=basic --use-mock-keychain --no-service-autorun --export-tagged-pdf --disable-search-engine-choice-screen --unsafely-disable-devtools-self-xss-warnings --edge-skip-compat-layer-relaunch --enable-automation --disable-infobars --disable-search-engine-choice-screen --disable-sync --enable-unsafe-swiftshader --headless --hide-scrollbars --mute-audio --blink-settings=primaryHoverType=2,availableHoverTypes=2,primaryPointerType=4,availablePointerTypes=4 --no-sandbox --user-data-dir=/var/folders/dv/grvqn12j323_74s7gchqwxdc0000gn/T/playwright_chromiumdev_profile-D68aE9 --remote-debugging-pipe --no-startup-window
  - <launched> pid=47734
  - [pid=47734][err] [0427/022707.588250:WARNING:net/dns/dns_config_service_posix.cc:197] Failed to read DnsConfig.

2026-04-27 02:27:07,818 - INFO - 300秒後にリトライします...
2026-04-27 05:59:11,254 - INFO - アクセス中: http://newmanager.cityheaven.net/
2026-04-27 05:59:11,312 - ERROR - エラーが発生しました (試行 3/3): Page.goto: net::ERR_INTERNET_DISCONNECTED at http://newmanager.cityheaven.net/
Call log:
  - navigating to "http://newmanager.cityheaven.net/", waiting until "load"

2026-04-27 05:59:11,312 - ERROR - 最大リトライ回数に達しました。
2026-04-27 05:59:11,843 - INFO - アクセス中: http://newmanager.cityheaven.net/
2026-04-27 05:59:11,880 - ERROR - エラーが発生しました (試行 1/3): Page.goto: net::ERR_INTERNET_DISCONNECTED at http://newmanager.cityheaven.net/
Call log:
  - navigating to "http://newmanager.cityheaven.net/", waiting until "load"

2026-04-27 05:59:11,880 - INFO - 300秒後にリトライします...
2026-04-27 13:52:08,717 - INFO - アクセス中: http://newmanager.cityheaven.net/
2026-04-27 13:52:08,766 - ERROR - エラーが発生しました (試行 2/3): Page.goto: net::ERR_INTERNET_DISCONNECTED at http://newmanager.cityheaven.net/
Call log:
  - navigating to "http://newmanager.cityheaven.net/", waiting until "load"

2026-04-27 13:52:08,767 - INFO - 300秒後にリトライします...
2026-04-27 17:21:57,714 - INFO - アクセス中: http://newmanager.cityheaven.net/
2026-04-27 17:21:57,829 - ERROR - エラーが発生しました (試行 3/3): Page.goto: net::ERR_INTERNET_DISCONNECTED at http://newmanager.cityheaven.net/
Call log:
  - navigating to "http://newmanager.cityheaven.net/", waiting until "load"

2026-04-27 17:21:57,829 - ERROR - 最大リトライ回数に達しました。
2026-04-27 17:21:59,523 - INFO - アクセス中: http://newmanager.cityheaven.net/
2026-04-27 17:21:59,564 - ERROR - エラーが発生しました (試行 1/3): Page.goto: net::ERR_INTERNET_DISCONNECTED at http://newmanager.cityheaven.net/
Call log:
  - navigating to "http://newmanager.cityheaven.net/", waiting until "load"

2026-04-27 17:21:59,565 - INFO - 300秒後にリトライします...
2026-04-27 17:40:14,985 - INFO - アクセス中: http://newmanager.cityheaven.net/
2026-04-27 17:40:23,682 - INFO - ログイン情報を入力中...
2026-04-27 17:40:27,816 - INFO - ログイン中...
2026-04-27 17:40:35,528 - INFO - 更新ボタンを探索中...
2026-04-27 17:40:35,568 - INFO - 直接探索でボタンを特定しました: button:has-text("更新")
2026-04-27 17:40:37,067 - INFO - 更新ボタンをクリックします。
2026-04-27 17:40:37,123 - INFO - ダイアログを承認: お店ページの更新日時を更新しますか？
2026-04-27 17:40:37,131 - INFO - 処理完了を待機中...
2026-04-27 17:40:43,688 - INFO - 更新処理を完了しました。結果を確認します。
2026-04-27 17:40:43,799 - INFO - 現在の画面表示: 最終更新日時
2026-04-27 17:40:44,579 - INFO - アクセス中: http://newmanager.cityheaven.net/
2026-04-27 17:40:51,321 - INFO - ログイン情報を入力中...
2026-04-27 17:40:55,258 - INFO - ログイン中...
2026-04-27 17:41:00,092 - INFO - 更新ボタンを探索中...
2026-04-27 17:41:00,147 - INFO - 直接探索でボタンを特定しました: button:has-text("更新")
2026-04-27 17:41:01,811 - INFO - 更新ボタンをクリックします。
2026-04-27 17:41:01,867 - INFO - ダイアログを承認: お店ページの更新日時を更新しますか？
2026-04-27 17:41:01,871 - INFO - 処理完了を待機中...
2026-04-27 17:41:07,331 - INFO - 更新処理を完了しました。結果を確認します。
2026-04-27 17:41:07,449 - INFO - 現在の画面表示: 最終更新日時
2026-04-27 17:41:08,141 - INFO - アクセス中: http://newmanager.cityheaven.net/
2026-04-27 17:41:14,823 - INFO - ログイン情報を入力中...
2026-04-27 17:41:18,351 - INFO - ログイン中...
2026-04-27 17:41:25,479 - INFO - 更新ボタンを探索中...
2026-04-27 17:41:25,519 - INFO - 直接探索でボタンを特定しました: button:has-text("更新")
2026-04-27 17:41:26,983 - INFO - 更新ボタンをクリックします。
2026-04-27 17:41:27,038 - INFO - ダイアログを承認: お店ページの更新日時を更新しますか？
2026-04-27 17:41:27,048 - INFO - 処理完了を待機中...
2026-04-27 17:41:34,799 - INFO - 更新処理を完了しました。結果を確認します。
2026-04-27 17:41:34,895 - INFO - 現在の画面表示: 最終更新日時
2026-04-27 17:41:35,548 - INFO - アクセス中: http://newmanager.cityheaven.net/
2026-04-27 17:41:46,151 - INFO - ログイン情報を入力中...
2026-04-27 17:41:49,187 - INFO - ログイン中...
2026-04-27 17:41:56,966 - INFO - 更新ボタンを探索中...
2026-04-27 17:41:57,003 - INFO - 直接探索でボタンを特定しました: button:has-text("更新")
2026-04-27 17:41:58,674 - INFO - 更新ボタンをクリックします。
2026-04-27 17:41:58,719 - INFO - ダイアログを承認: お店ページの更新日時を更新しますか？
2026-04-27 17:41:58,729 - INFO - 処理完了を待機中...
2026-04-27 17:42:06,530 - INFO - 更新処理を完了しました。結果を確認します。
2026-04-27 17:42:06,630 - INFO - 現在の画面表示: 最終更新日時
2026-04-27 17:42:07,319 - INFO - アクセス中: http://newmanager.cityheaven.net/
2026-04-27 17:42:14,969 - INFO - ログイン情報を入力中...
2026-04-27 17:42:17,622 - INFO - ログイン中...
2026-04-27 17:42:24,481 - INFO - 更新ボタンを探索中...
2026-04-27 17:42:24,516 - INFO - 直接探索でボタンを特定しました: button:has-text("更新")
2026-04-27 17:42:25,656 - INFO - 更新ボタンをクリックします。
2026-04-27 17:42:25,704 - INFO - ダイアログを承認: お店ページの更新日時を更新しますか？
2026-04-27 17:42:25,714 - INFO - 処理完了を待機中...
2026-04-27 17:42:33,582 - INFO - 更新処理を完了しました。結果を確認します。
2026-04-27 17:42:33,696 - INFO - 現在の画面表示: 最終更新日時
2026-04-27 17:42:34,353 - INFO - アクセス中: http://newmanager.cityheaven.net/
2026-04-27 17:42:43,293 - INFO - ログイン情報を入力中...
2026-04-27 17:42:45,598 - INFO - ログイン中...
2026-04-27 17:42:52,849 - INFO - 更新ボタンを探索中...
2026-04-27 17:42:52,887 - INFO - 直接探索でボタンを特定しました: button:has-text("更新")
2026-04-27 17:42:54,381 - INFO - 更新ボタンをクリックします。
2026-04-27 17:42:54,417 - INFO - ダイアログを承認: お店ページの更新日時を更新しますか？
2026-04-27 17:42:54,426 - INFO - 処理完了を待機中...
2026-04-27 17:43:00,954 - INFO - 更新処理を完了しました。結果を確認します。
2026-04-27 17:43:01,061 - INFO - 現在の画面表示: 最終更新日時
2026-04-27 17:43:01,710 - INFO - アクセス中: http://newmanager.cityheaven.net/
2026-04-27 17:43:11,310 - INFO - ログイン情報を入力中...
2026-04-27 17:43:14,150 - INFO - ログイン中...
2026-04-27 17:43:19,243 - INFO - 更新ボタンを探索中...
2026-04-27 17:43:19,280 - INFO - 直接探索でボタンを特定しました: button:has-text("更新")
2026-04-27 17:43:21,023 - INFO - 更新ボタンをクリックします。
2026-04-27 17:43:21,075 - INFO - ダイアログを承認: お店ページの更新日時を更新しますか？
2026-04-27 17:43:21,083 - INFO - 処理完了を待機中...
2026-04-27 17:43:28,494 - INFO - 更新処理を完了しました。結果を確認します。
2026-04-27 17:43:28,605 - INFO - 現在の画面表示: 最終更新日時
2026-04-27 17:43:29,625 - INFO - アクセス中: http://newmanager.cityheaven.net/
2026-04-27 17:43:37,713 - INFO - ログイン情報を入力中...
2026-04-27 17:43:40,905 - INFO - ログイン中...
2026-04-27 17:43:47,483 - INFO - 更新ボタンを探索中...
2026-04-27 17:43:47,552 - INFO - 直接探索でボタンを特定しました: button:has-text("更新")
2026-04-27 17:43:48,970 - INFO - 更新ボタンをクリックします。
2026-04-27 17:43:49,021 - INFO - ダイアログを承認: お店ページの更新日時を更新しますか？
2026-04-27 17:43:49,030 - INFO - 処理完了を待機中...
2026-04-27 17:43:54,927 - INFO - 更新処理を完了しました。結果を確認します。
2026-04-27 17:43:55,027 - INFO - 現在の画面表示: 最終更新日時
2026-04-27 17:43:55,732 - INFO - アクセス中: http://newmanager.cityheaven.net/
2026-04-27 17:44:05,577 - INFO - ログイン情報を入力中...
2026-04-27 17:44:08,937 - INFO - ログイン中...
2026-04-27 17:44:15,216 - INFO - 更新ボタンを探索中...
2026-04-27 17:44:15,270 - INFO - 直接探索でボタンを特定しました: button:has-text("更新")
2026-04-27 17:44:16,746 - INFO - 更新ボタンをクリックします。
2026-04-27 17:44:16,787 - INFO - ダイアログを承認: お店ページの更新日時を更新しますか？
2026-04-27 17:44:16,796 - INFO - 処理完了を待機中...
2026-04-27 17:44:22,611 - INFO - 更新処理を完了しました。結果を確認します。
2026-04-27 17:44:22,714 - INFO - 現在の画面表示: 最終更新日時
2026-04-27 17:44:23,497 - INFO - アクセス中: http://newmanager.cityheaven.net/
2026-04-27 17:44:30,749 - INFO - ログイン情報を入力中...
2026-04-27 17:44:33,332 - INFO - ログイン中...
2026-04-27 17:44:40,594 - INFO - 更新ボタンを探索中...
2026-04-27 17:44:40,633 - INFO - 直接探索でボタンを特定しました: button:has-text("更新")
2026-04-27 17:44:42,337 - INFO - 更新ボタンをクリックします。
2026-04-27 17:44:42,387 - INFO - ダイアログを承認: お店ページの更新日時を更新しますか？
2026-04-27 17:44:42,397 - INFO - 処理完了を待機中...
2026-04-27 17:44:47,924 - INFO - 更新処理を完了しました。結果を確認します。
2026-04-27 17:44:48,038 - INFO - 現在の画面表示: 最終更新日時
2026-04-27 17:44:48,722 - INFO - アクセス中: http://newmanager.cityheaven.net/
2026-04-27 17:44:58,759 - INFO - ログイン情報を入力中...
2026-04-27 17:45:01,546 - INFO - ログイン中...
2026-04-27 17:45:07,392 - INFO - 更新ボタンを探索中...
2026-04-27 17:45:07,433 - INFO - 直接探索でボタンを特定しました: button:has-text("更新")
2026-04-27 17:45:09,250 - INFO - 更新ボタンをクリックします。
2026-04-27 17:45:09,313 - INFO - ダイアログを承認: お店ページの更新日時を更新しますか？
2026-04-27 17:45:09,320 - INFO - 処理完了を待機中...
2026-04-27 17:45:14,750 - INFO - 更新処理を完了しました。結果を確認します。
2026-04-27 17:45:14,878 - INFO - 現在の画面表示: 最終更新日時
2026-04-27 17:45:16,065 - INFO - アクセス中: http://newmanager.cityheaven.net/
2026-04-27 17:45:23,342 - INFO - ログイン情報を入力中...
2026-04-27 17:45:26,547 - INFO - ログイン中...
2026-04-27 17:45:32,744 - INFO - 更新ボタンを探索中...
2026-04-27 17:45:32,792 - INFO - 直接探索でボタンを特定しました: button:has-text("更新")
2026-04-27 17:45:34,778 - INFO - 更新ボタンをクリックします。
2026-04-27 17:45:34,817 - INFO - ダイアログを承認: お店ページの更新日時を更新しますか？
2026-04-27 17:45:34,826 - INFO - 処理完了を待機中...
2026-04-27 17:45:40,167 - INFO - 更新処理を完了しました。結果を確認します。
2026-04-27 17:45:40,261 - INFO - 現在の画面表示: 最終更新日時
2026-04-27 17:45:41,783 - INFO - アクセス中: http://newmanager.cityheaven.net/
2026-04-27 17:45:49,958 - INFO - ログイン情報を入力中...
2026-04-27 17:45:52,356 - INFO - ログイン中...
2026-04-27 17:45:57,718 - INFO - 更新ボタンを探索中...
2026-04-27 17:45:57,767 - INFO - 直接探索でボタンを特定しました: button:has-text("更新")
2026-04-27 17:45:59,310 - INFO - 更新ボタンをクリックします。
2026-04-27 17:45:59,355 - INFO - ダイアログを承認: お店ページの更新日時を更新しますか？
2026-04-27 17:45:59,363 - INFO - 処理完了を待機中...
2026-04-27 17:46:06,677 - INFO - 更新処理を完了しました。結果を確認します。
2026-04-27 17:46:06,796 - INFO - 現在の画面表示: 最終更新日時
2026-04-27 17:47:08,279 - INFO - アクセス中: http://newmanager.cityheaven.net/
2026-04-27 17:47:17,813 - INFO - ログイン情報を入力中...
2026-04-27 17:47:20,461 - INFO - ログイン中...
2026-04-27 17:47:28,399 - INFO - 更新ボタンを探索中...
2026-04-27 17:47:28,453 - INFO - 直接探索でボタンを特定しました: button:has-text("更新")
2026-04-27 17:47:30,101 - INFO - 更新ボタンをクリックします。
2026-04-27 17:47:30,158 - INFO - ダイアログを承認: お店ページの更新日時を更新しますか？
2026-04-27 17:47:30,168 - INFO - 処理完了を待機中...
2026-04-27 17:47:38,071 - INFO - 更新処理を完了しました。結果を確認します。
2026-04-27 17:47:38,180 - INFO - 現在の画面表示: 最終更新日時
2026-04-27 17:47:38,855 - INFO - アクセス中: http://newmanager.cityheaven.net/
2026-04-27 17:47:46,345 - INFO - ログイン情報を入力中...
2026-04-27 17:47:49,201 - INFO - ログイン中...
2026-04-27 17:47:54,986 - INFO - 更新ボタンを探索中...
2026-04-27 17:47:55,029 - INFO - 直接探索でボタンを特定しました: button:has-text("更新")
2026-04-27 17:47:56,296 - INFO - 更新ボタンをクリックします。
2026-04-27 17:47:56,355 - INFO - ダイアログを承認: お店ページの更新日時を更新しますか？
2026-04-27 17:47:56,363 - INFO - 処理完了を待機中...
2026-04-27 17:48:03,503 - INFO - 更新処理を完了しました。結果を確認します。
2026-04-27 17:48:03,612 - INFO - 現在の画面表示: 最終更新日時
2026-04-27 17:48:04,264 - INFO - アクセス中: http://newmanager.cityheaven.net/
2026-04-27 17:48:12,904 - INFO - ログイン情報を入力中...
2026-04-27 17:48:16,779 - INFO - ログイン中...
2026-04-27 17:48:22,383 - INFO - 更新ボタンを探索中...
2026-04-27 17:48:22,426 - INFO - 直接探索でボタンを特定しました: button:has-text("更新")
2026-04-27 17:48:23,814 - INFO - 更新ボタンをクリックします。
2026-04-27 17:48:23,872 - INFO - ダイアログを承認: お店ページの更新日時を更新しますか？
2026-04-27 17:48:23,883 - INFO - 処理完了を待機中...
2026-04-27 17:48:31,215 - INFO - 更新処理を完了しました。結果を確認します。
2026-04-27 17:48:31,327 - INFO - 現在の画面表示: 最終更新日時
2026-04-27 17:48:32,010 - INFO - アクセス中: http://newmanager.cityheaven.net/
2026-04-27 17:48:40,253 - INFO - ログイン情報を入力中...
2026-04-27 17:48:43,994 - INFO - ログイン中...
2026-04-27 17:48:51,278 - INFO - 更新ボタンを探索中...
2026-04-27 17:48:51,335 - INFO - 直接探索でボタンを特定しました: button:has-text("更新")
2026-04-27 17:48:53,186 - INFO - 更新ボタンをクリックします。
2026-04-27 17:48:53,238 - INFO - ダイアログを承認: お店ページの更新日時を更新しますか？
2026-04-27 17:48:53,249 - INFO - 処理完了を待機中...
2026-04-27 17:49:00,854 - INFO - 更新処理を完了しました。結果を確認します。
2026-04-27 17:49:00,961 - INFO - 現在の画面表示: 最終更新日時
2026-04-27 17:49:01,642 - INFO - アクセス中: http://newmanager.cityheaven.net/
2026-04-27 17:49:09,864 - INFO - ログイン情報を入力中...
2026-04-27 17:49:13,712 - INFO - ログイン中...
2026-04-27 17:49:20,894 - INFO - 更新ボタンを探索中...
2026-04-27 17:49:20,934 - INFO - 直接探索でボタンを特定しました: button:has-text("更新")
2026-04-27 17:49:22,093 - INFO - 更新ボタンをクリックします。
2026-04-27 17:49:22,134 - INFO - ダイアログを承認: お店ページの更新日時を更新しますか？
2026-04-27 17:49:22,142 - INFO - 処理完了を待機中...
2026-04-27 17:49:29,395 - INFO - 更新処理を完了しました。結果を確認します。
2026-04-27 17:49:29,506 - INFO - 現在の画面表示: 最終更新日時
2026-04-27 17:49:30,171 - INFO - アクセス中: http://newmanager.cityheaven.net/
2026-04-27 17:49:39,608 - INFO - ログイン情報を入力中...
2026-04-27 17:49:42,679 - INFO - ログイン中...
2026-04-27 17:49:49,811 - INFO - 更新ボタンを探索中...
2026-04-27 17:49:49,862 - INFO - 直接探索でボタンを特定しました: button:has-text("更新")
2026-04-27 17:49:51,380 - INFO - 更新ボタンをクリックします。
2026-04-27 17:49:51,420 - INFO - ダイアログを承認: お店ページの更新日時を更新しますか？
2026-04-27 17:49:51,430 - INFO - 処理完了を待機中...
2026-04-27 17:49:58,792 - INFO - 更新処理を完了しました。結果を確認します。
2026-04-27 17:49:58,913 - INFO - 現在の画面表示: 最終更新日時
2026-04-27 17:49:59,574 - INFO - アクセス中: http://newmanager.cityheaven.net/
2026-04-27 17:50:08,696 - INFO - ログイン情報を入力中...
2026-04-27 17:50:12,746 - INFO - ログイン中...
2026-04-27 17:50:19,226 - INFO - 更新ボタンを探索中...
2026-04-27 17:50:19,267 - INFO - 直接探索でボタンを特定しました: button:has-text("更新")
2026-04-27 17:50:20,477 - INFO - 更新ボタンをクリックします。
2026-04-27 17:50:50,535 - ERROR - エラーが発生しました (試行 1/3): Locator.click: Timeout 30000ms exceeded.
Call log:
  - waiting for locator("button:has-text(\"更新\")").filter(visible=True).first
    - locator resolved to <button disabled="disabled" id="cntButtonDisable">…</button>
  - attempting click action
    2 × waiting for element to be visible, enabled and stable
      - element is not enabled
    - retrying click action
    - waiting 20ms
    2 × waiting for element to be visible, enabled and stable
      - element is not enabled
    - retrying click action
      - waiting 100ms
    56 × waiting for element to be visible, enabled and stable
       - element is not enabled
     - retrying click action
       - waiting 500ms

2026-04-27 17:50:50,535 - INFO - 300秒後にリトライします...
2026-04-27 17:55:52,102 - INFO - アクセス中: http://newmanager.cityheaven.net/
2026-04-27 17:55:59,750 - INFO - ログイン情報を入力中...
2026-04-27 17:56:03,109 - INFO - ログイン中...
2026-04-27 17:56:09,136 - INFO - 更新ボタンを探索中...
2026-04-27 17:56:09,187 - INFO - 直接探索でボタンを特定しました: button:has-text("更新")
2026-04-27 17:56:11,062 - INFO - 更新ボタンをクリックします。
2026-04-27 17:56:41,158 - ERROR - エラーが発生しました (試行 2/3): Locator.click: Timeout 30000ms exceeded.
Call log:
  - waiting for locator("button:has-text(\"更新\")").filter(visible=True).first
    - locator resolved to <button disabled="disabled" id="cntButtonDisable">…</button>
  - attempting click action
    2 × waiting for element to be visible, enabled and stable
      - element is not enabled
    - retrying click action
    - waiting 20ms
    2 × waiting for element to be visible, enabled and stable
      - element is not enabled
    - retrying click action
      - waiting 100ms
    56 × waiting for element to be visible, enabled and stable
       - element is not enabled
     - retrying click action
       - waiting 500ms

2026-04-27 17:56:41,159 - INFO - 300秒後にリトライします...
2026-04-27 18:01:42,599 - INFO - アクセス中: http://newmanager.cityheaven.net/
2026-04-27 18:01:51,201 - INFO - ログイン情報を入力中...
2026-04-27 18:01:56,129 - INFO - ログイン中...
2026-04-27 18:02:01,948 - INFO - 更新ボタンを探索中...
2026-04-27 18:02:01,983 - INFO - 直接探索でボタンを特定しました: button:has-text("更新")
2026-04-27 18:02:03,905 - INFO - 更新ボタンをクリックします。
2026-04-27 18:02:34,032 - ERROR - エラーが発生しました (試行 3/3): Locator.click: Timeout 30000ms exceeded.
Call log:
  - waiting for locator("button:has-text(\"更新\")").filter(visible=True).first
    - locator resolved to <button disabled="disabled" id="cntButtonDisable">…</button>
  - attempting click action
    2 × waiting for element to be visible, enabled and stable
      - element is not enabled
    - retrying click action
    - waiting 20ms
    2 × waiting for element to be visible, enabled and stable
      - element is not enabled
    - retrying click action
      - waiting 100ms
    56 × waiting for element to be visible, enabled and stable
       - element is not enabled
     - retrying click action
       - waiting 500ms

2026-04-27 18:02:34,033 - ERROR - 最大リトライ回数に達しました。
2026-04-27 18:02:35,288 - INFO - アクセス中: http://newmanager.cityheaven.net/
2026-04-27 18:02:44,461 - INFO - ログイン情報を入力中...
2026-04-27 18:02:48,445 - INFO - ログイン中...
2026-04-27 18:02:54,749 - INFO - 更新ボタンを探索中...
2026-04-27 18:02:54,803 - INFO - 直接探索でボタンを特定しました: button:has-text("更新")
2026-04-27 18:02:56,173 - INFO - 更新ボタンをクリックします。
2026-04-27 18:03:26,384 - ERROR - エラーが発生しました (試行 1/3): Locator.click: Timeout 30000ms exceeded.
Call log:
  - waiting for locator("button:has-text(\"更新\")").filter(visible=True).first
    - locator resolved to <button disabled="disabled" id="cntButtonDisable">…</button>
  - attempting click action
    2 × waiting for element to be visible, enabled and stable
      - element is not enabled
    - retrying click action
    - waiting 20ms
    2 × waiting for element to be visible, enabled and stable
      - element is not enabled
    - retrying click action
      - waiting 100ms
    56 × waiting for element to be visible, enabled and stable
       - element is not enabled
     - retrying click action
       - waiting 500ms

2026-04-27 18:03:26,385 - INFO - 300秒後にリトライします...
2026-05-02 18:58:59,566 - INFO - アクセス中: http://newmanager.cityheaven.net/
2026-05-02 18:59:08,971 - INFO - ログイン情報を入力中...
2026-05-02 18:59:12,845 - INFO - ログイン中...
2026-05-02 18:59:18,968 - INFO - 更新ボタンを探索中...
2026-05-02 18:59:19,030 - INFO - 直接探索でボタンを特定しました: button:has-text("更新")
2026-05-02 18:59:20,834 - INFO - 更新ボタンをクリックします。
2026-05-02 18:59:20,896 - INFO - ダイアログを承認: お店ページの更新日時を更新しますか？
2026-05-02 18:59:20,903 - INFO - 処理完了を待機中...
2026-05-02 18:59:28,905 - INFO - 更新処理を完了しました。結果を確認します。
2026-05-02 18:59:29,034 - INFO - 現在の画面表示: 最終更新日時
2026-05-02 19:15:12,048 - INFO - アクセス中: http://newmanager.cityheaven.net/
2026-05-02 19:15:22,781 - INFO - ログイン情報を入力中...
2026-05-02 19:15:25,464 - INFO - ログイン中...
2026-05-02 19:15:33,275 - INFO - 更新ボタンを探索中...
2026-05-02 19:15:33,372 - INFO - 直接探索でボタンを特定しました: button:has-text("更新")
2026-05-02 19:15:35,087 - INFO - 更新ボタンをクリックします。
2026-05-02 19:15:35,192 - INFO - ダイアログを承認: お店ページの更新日時を更新しますか？
2026-05-02 19:15:35,220 - INFO - 処理完了を待機中...
2026-05-02 19:15:40,295 - INFO - 更新処理を完了しました。結果を確認します。
2026-05-02 19:15:40,435 - INFO - 現在の画面表示: 最終更新日時
2026-05-02 19:45:42,777 - INFO - アクセス中: http://newmanager.cityheaven.net/
2026-05-02 19:45:53,159 - INFO - ログイン情報を入力中...
2026-05-02 19:45:55,892 - INFO - ログイン中...
2026-05-02 19:46:05,453 - INFO - 更新ボタンを探索中...
2026-05-02 19:46:05,499 - INFO - 直接探索でボタンを特定しました: button:has-text("更新")
2026-05-02 19:46:06,859 - INFO - 更新ボタンをクリックします。
2026-05-02 19:46:06,889 - INFO - ダイアログを承認: お店ページの更新日時を更新しますか？
2026-05-02 19:46:06,896 - INFO - 処理完了を待機中...
2026-05-02 19:46:14,680 - INFO - 更新処理を完了しました。結果を確認します。
2026-05-02 19:46:14,820 - INFO - 現在の画面表示: 最終更新日時
2026-05-02 20:15:17,035 - INFO - アクセス中: http://newmanager.cityheaven.net/
2026-05-02 20:15:27,659 - INFO - ログイン情報を入力中...
2026-05-02 20:15:30,300 - INFO - ログイン中...
2026-05-02 20:15:35,481 - INFO - 更新ボタンを探索中...
2026-05-02 20:15:35,550 - INFO - 直接探索でボタンを特定しました: button:has-text("更新")
2026-05-02 20:15:37,087 - INFO - 更新ボタンをクリックします。
2026-05-02 20:15:37,147 - INFO - ダイアログを承認: お店ページの更新日時を更新しますか？
2026-05-02 20:15:37,156 - INFO - 処理完了を待機中...
2026-05-02 20:15:44,661 - INFO - 更新処理を完了しました。結果を確認します。
2026-05-02 20:15:44,783 - INFO - 現在の画面表示: 最終更新日時
2026-05-02 20:45:47,013 - INFO - アクセス中: http://newmanager.cityheaven.net/
2026-05-02 20:46:05,283 - INFO - ログイン情報を入力中...
2026-05-02 20:46:08,611 - INFO - ログイン中...
2026-05-02 20:46:17,260 - INFO - 更新ボタンを探索中...
2026-05-02 20:46:17,365 - INFO - 直接探索でボタンを特定しました: button:has-text("更新")
2026-05-02 20:46:19,051 - INFO - 更新ボタンをクリックします。
2026-05-02 20:46:19,124 - INFO - ダイアログを承認: お店ページの更新日時を更新しますか？
2026-05-02 20:46:19,139 - INFO - 処理完了を待機中...
2026-05-02 20:46:24,429 - INFO - 更新処理を完了しました。結果を確認します。
2026-05-02 20:46:24,561 - INFO - 現在の画面表示: 最終更新日時
2026-05-02 21:15:26,614 - INFO - アクセス中: http://newmanager.cityheaven.net/
2026-05-02 21:15:57,336 - INFO - ログイン情報を入力中...
2026-05-02 21:16:01,303 - INFO - ログイン中...
2026-05-02 21:16:08,518 - INFO - 更新ボタンを探索中...
2026-05-02 21:16:08,570 - INFO - 直接探索でボタンを特定しました: button:has-text("更新")
2026-05-02 21:16:09,679 - INFO - 更新ボタンをクリックします。
2026-05-02 21:16:09,734 - INFO - ダイアログを承認: お店ページの更新日時を更新しますか？
2026-05-02 21:16:09,743 - INFO - 処理完了を待機中...
2026-05-02 21:16:16,753 - INFO - 更新処理を完了しました。結果を確認します。
2026-05-02 21:16:16,870 - INFO - 現在の画面表示: 最終更新日時
2026-05-02 21:45:20,200 - INFO - アクセス中: http://newmanager.cityheaven.net/
2026-05-02 21:45:55,033 - INFO - ログイン情報を入力中...
2026-05-02 21:45:58,357 - INFO - ログイン中...
2026-05-02 21:46:05,381 - INFO - 更新ボタンを探索中...
2026-05-02 21:46:05,444 - INFO - 直接探索でボタンを特定しました: button:has-text("更新")
2026-05-02 21:46:06,582 - INFO - 更新ボタンをクリックします。
2026-05-02 21:46:06,631 - INFO - ダイアログを承認: お店ページの更新日時を更新しますか？
2026-05-02 21:46:06,640 - INFO - 処理完了を待機中...
2026-05-02 21:46:13,343 - INFO - 更新処理を完了しました。結果を確認します。
2026-05-02 21:46:13,473 - INFO - 現在の画面表示: 最終更新日時
2026-05-02 22:15:16,072 - INFO - アクセス中: http://newmanager.cityheaven.net/
2026-05-02 22:15:47,008 - INFO - ログイン情報を入力中...
2026-05-02 22:15:49,797 - INFO - ログイン中...
2026-05-02 22:15:57,708 - INFO - 更新ボタンを探索中...
2026-05-02 22:15:57,757 - INFO - 直接探索でボタンを特定しました: button:has-text("更新")
2026-05-02 22:15:59,659 - INFO - 更新ボタンをクリックします。
2026-05-02 22:15:59,708 - INFO - ダイアログを承認: お店ページの更新日時を更新しますか？
2026-05-02 22:15:59,718 - INFO - 処理完了を待機中...
2026-05-02 22:16:04,821 - INFO - 更新処理を完了しました。結果を確認します。
2026-05-02 22:16:04,949 - INFO - 現在の画面表示: 最終更新日時
2026-05-02 22:45:06,937 - INFO - アクセス中: http://newmanager.cityheaven.net/
2026-05-02 22:45:37,013 - ERROR - エラーが発生しました (試行 1/3): Page.goto: Timeout 30000ms exceeded.
Call log:
  - navigating to "http://newmanager.cityheaven.net/", waiting until "load"

2026-05-02 22:45:37,014 - INFO - 300秒後にリトライします...
2026-05-02 22:50:38,525 - INFO - アクセス中: http://newmanager.cityheaven.net/
2026-05-02 22:51:01,290 - INFO - ログイン情報を入力中...
2026-05-02 22:51:05,453 - INFO - ログイン中...
2026-05-02 22:51:14,758 - INFO - 更新ボタンを探索中...
2026-05-02 22:51:14,798 - INFO - 直接探索でボタンを特定しました: button:has-text("更新")
2026-05-02 22:51:16,216 - INFO - 更新ボタンをクリックします。
2026-05-02 22:51:16,271 - INFO - ダイアログを承認: お店ページの更新日時を更新しますか？
2026-05-02 22:51:16,281 - INFO - 処理完了を待機中...
2026-05-02 22:51:22,701 - INFO - 更新処理を完了しました。結果を確認します。
2026-05-02 22:51:22,840 - INFO - 現在の画面表示: 最終更新日時
2026-05-02 23:15:24,797 - INFO - アクセス中: http://newmanager.cityheaven.net/
2026-05-02 23:15:54,871 - ERROR - エラーが発生しました (試行 1/3): Page.goto: Timeout 30000ms exceeded.
Call log:
  - navigating to "http://newmanager.cityheaven.net/", waiting until "load"

2026-05-02 23:15:54,871 - INFO - 300秒後にリトライします...
2026-05-02 23:20:56,319 - INFO - アクセス中: http://newmanager.cityheaven.net/
2026-05-02 23:21:24,255 - INFO - ログイン情報を入力中...
2026-05-02 23:21:26,949 - INFO - ログイン中...
2026-05-02 23:21:36,294 - INFO - 更新ボタンを探索中...
2026-05-02 23:21:36,352 - INFO - 直接探索でボタンを特定しました: button:has-text("更新")
2026-05-02 23:21:38,284 - INFO - 更新ボタンをクリックします。
2026-05-02 23:21:38,344 - INFO - ダイアログを承認: お店ページの更新日時を更新しますか？
2026-05-02 23:21:38,353 - INFO - 処理完了を待機中...
2026-05-02 23:21:44,807 - INFO - 更新処理を完了しました。結果を確認します。
2026-05-02 23:21:44,925 - INFO - 現在の画面表示: 最終更新日時
2026-05-02 23:45:46,963 - INFO - アクセス中: http://newmanager.cityheaven.net/
2026-05-02 23:46:09,365 - INFO - ログイン情報を入力中...
2026-05-02 23:46:12,182 - INFO - ログイン中...
2026-05-02 23:46:21,555 - INFO - 更新ボタンを探索中...
2026-05-02 23:46:21,621 - INFO - 直接探索でボタンを特定しました: button:has-text("更新")
2026-05-02 23:46:23,388 - INFO - 更新ボタンをクリックします。
2026-05-02 23:46:23,456 - INFO - ダイアログを承認: お店ページの更新日時を更新しますか？
2026-05-02 23:46:23,467 - INFO - 処理完了を待機中...
2026-05-02 23:46:29,668 - INFO - 更新処理を完了しました。結果を確認します。
2026-05-02 23:46:29,803 - INFO - 現在の画面表示: 最終更新日時
2026-05-03 00:15:31,900 - INFO - アクセス中: http://newmanager.cityheaven.net/
2026-05-03 00:15:52,382 - INFO - ログイン情報を入力中...
2026-05-03 00:15:56,339 - INFO - ログイン中...
2026-05-03 00:16:03,463 - INFO - 更新ボタンを探索中...
2026-05-03 00:16:03,516 - INFO - 直接探索でボタンを特定しました: button:has-text("更新")
2026-05-03 00:16:05,541 - INFO - 更新ボタンをクリックします。
2026-05-03 00:16:05,613 - INFO - ダイアログを承認: お店ページの更新日時を更新しますか？
2026-05-03 00:16:05,634 - INFO - 処理完了を待機中...
2026-05-03 00:16:12,792 - INFO - 更新処理を完了しました。結果を確認します。
2026-05-03 00:16:12,919 - INFO - 現在の画面表示: 最終更新日時
2026-05-03 01:15:15,313 - INFO - アクセス中: http://newmanager.cityheaven.net/
2026-05-03 01:15:25,701 - INFO - ログイン情報を入力中...
2026-05-03 01:15:28,435 - INFO - ログイン中...
2026-05-03 01:15:33,936 - INFO - 更新ボタンを探索中...
2026-05-03 01:15:34,056 - INFO - 直接探索でボタンを特定しました: button:has-text("更新")
2026-05-03 01:15:35,428 - INFO - 更新ボタンをクリックします。
2026-05-03 01:15:35,491 - INFO - ダイアログを承認: お店ページの更新日時を更新しますか？
2026-05-03 01:15:35,501 - INFO - 処理完了を待機中...
2026-05-03 01:15:41,795 - INFO - 更新処理を完了しました。結果を確認します。
2026-05-03 01:15:42,099 - INFO - 現在の画面表示: 最終更新日時
2026-05-03 02:15:44,712 - INFO - アクセス中: http://newmanager.cityheaven.net/
2026-05-03 02:15:53,820 - INFO - ログイン情報を入力中...
2026-05-03 02:15:57,592 - INFO - ログイン中...
2026-05-03 02:16:04,715 - INFO - 更新ボタンを探索中...
2026-05-03 02:16:04,777 - INFO - 直接探索でボタンを特定しました: button:has-text("更新")
2026-05-03 02:16:06,230 - INFO - 更新ボタンをクリックします。
2026-05-03 02:16:06,285 - INFO - ダイアログを承認: お店ページの更新日時を更新しますか？
2026-05-03 02:16:06,299 - INFO - 処理完了を待機中...
2026-05-03 02:16:13,317 - INFO - 更新処理を完了しました。結果を確認します。
2026-05-03 02:16:13,549 - INFO - 現在の画面表示: 最終更新日時
2026-05-03 03:15:57,685 - INFO - アクセス中: http://newmanager.cityheaven.net/
2026-05-03 03:16:06,634 - INFO - ログイン情報を入力中...
2026-05-03 03:16:08,712 - INFO - ログイン中...
2026-05-03 03:16:13,384 - INFO - 更新ボタンを探索中...
2026-05-03 03:16:13,447 - INFO - 直接探索でボタンを特定しました: button:has-text("更新")
2026-05-03 03:16:14,992 - INFO - 更新ボタンをクリックします。
2026-05-03 03:16:15,062 - INFO - ダイアログを承認: お店ページの更新日時を更新しますか？
2026-05-03 03:16:15,072 - INFO - 処理完了を待機中...
2026-05-03 03:16:21,985 - INFO - 更新処理を完了しました。結果を確認します。
2026-05-03 03:16:22,162 - INFO - 現在の画面表示: 最終更新日時
2026-05-03 11:15:48,468 - INFO - アクセス中: http://newmanager.cityheaven.net/
2026-05-03 11:15:59,838 - INFO - ログイン情報を入力中...
2026-05-03 11:16:03,256 - INFO - ログイン中...
2026-05-03 11:16:10,628 - INFO - 更新ボタンを探索中...
2026-05-03 11:16:10,684 - INFO - 直接探索でボタンを特定しました: button:has-text("更新")
2026-05-03 11:16:12,439 - INFO - 更新ボタンをクリックします。
2026-05-03 11:16:12,489 - INFO - ダイアログを承認: お店ページの更新日時を更新しますか？
2026-05-03 11:16:12,498 - INFO - 処理完了を待機中...
2026-05-03 11:16:17,946 - INFO - 更新処理を完了しました。結果を確認します。
2026-05-03 11:16:18,094 - INFO - 現在の画面表示: 最終更新日時
2026-05-03 12:15:20,496 - INFO - アクセス中: http://newmanager.cityheaven.net/
2026-05-03 12:15:32,415 - INFO - ログイン情報を入力中...
2026-05-03 12:15:36,167 - INFO - ログイン中...
2026-05-03 12:15:42,271 - INFO - 更新ボタンを探索中...
2026-05-03 12:15:42,334 - INFO - 直接探索でボタンを特定しました: button:has-text("更新")
2026-05-03 12:15:43,507 - INFO - 更新ボタンをクリックします。
2026-05-03 12:15:43,569 - INFO - ダイアログを承認: お店ページの更新日時を更新しますか？
2026-05-03 12:15:43,582 - INFO - 処理完了を待機中...
2026-05-03 12:15:51,369 - INFO - 更新処理を完了しました。結果を確認します。
2026-05-03 12:15:51,507 - INFO - 現在の画面表示: 最終更新日時
2026-05-03 13:15:53,577 - INFO - アクセス中: http://newmanager.cityheaven.net/
2026-05-03 13:16:11,067 - INFO - ログイン情報を入力中...
2026-05-03 13:16:15,265 - INFO - ログイン中...
2026-05-03 13:16:23,019 - INFO - 更新ボタンを探索中...
2026-05-03 13:16:23,076 - INFO - 直接探索でボタンを特定しました: button:has-text("更新")
2026-05-03 13:16:24,219 - INFO - 更新ボタンをクリックします。
2026-05-03 13:16:24,279 - INFO - ダイアログを承認: お店ページの更新日時を更新しますか？
2026-05-03 13:16:24,289 - INFO - 処理完了を待機中...
2026-05-03 13:16:30,103 - INFO - 更新処理を完了しました。結果を確認します。
2026-05-03 13:16:30,219 - INFO - 現在の画面表示: 最終更新日時
2026-05-03 14:15:32,634 - INFO - アクセス中: http://newmanager.cityheaven.net/
2026-05-03 14:15:42,574 - INFO - ログイン情報を入力中...
2026-05-03 14:15:45,418 - INFO - ログイン中...
2026-05-03 14:15:52,406 - INFO - 更新ボタンを探索中...
2026-05-03 14:15:52,462 - INFO - 直接探索でボタンを特定しました: button:has-text("更新")
2026-05-03 14:15:53,796 - INFO - 更新ボタンをクリックします。
2026-05-03 14:15:53,855 - INFO - ダイアログを承認: お店ページの更新日時を更新しますか？
2026-05-03 14:15:53,865 - INFO - 処理完了を待機中...
2026-05-03 14:16:01,708 - INFO - 更新処理を完了しました。結果を確認します。
2026-05-03 14:16:01,827 - INFO - 現在の画面表示: 最終更新日時
2026-05-03 15:15:04,000 - INFO - アクセス中: http://newmanager.cityheaven.net/
2026-05-03 15:15:15,821 - INFO - ログイン情報を入力中...
2026-05-03 15:15:18,751 - INFO - ログイン中...
2026-05-03 15:15:24,698 - INFO - 更新ボタンを探索中...
2026-05-03 15:15:24,753 - INFO - 直接探索でボタンを特定しました: button:has-text("更新")
2026-05-03 15:15:25,978 - INFO - 更新ボタンをクリックします。
2026-05-03 15:15:26,027 - INFO - ダイアログを承認: お店ページの更新日時を更新しますか？
2026-05-03 15:15:26,035 - INFO - 処理完了を待機中...
2026-05-03 15:15:32,839 - INFO - 更新処理を完了しました。結果を確認します。
2026-05-03 15:15:32,954 - INFO - 現在の画面表示: 最終更新日時
2026-05-03 16:15:35,345 - INFO - アクセス中: http://newmanager.cityheaven.net/
2026-05-03 16:15:44,665 - INFO - ログイン情報を入力中...
2026-05-03 16:15:47,337 - INFO - ログイン中...
2026-05-03 16:15:52,917 - INFO - 更新ボタンを探索中...
2026-05-03 16:15:52,963 - INFO - 直接探索でボタンを特定しました: button:has-text("更新")
2026-05-03 16:15:54,873 - INFO - 更新ボタンをクリックします。
2026-05-03 16:15:54,931 - INFO - ダイアログを承認: お店ページの更新日時を更新しますか？
2026-05-03 16:15:54,941 - INFO - 処理完了を待機中...
2026-05-03 16:16:01,706 - INFO - 更新処理を完了しました。結果を確認します。
2026-05-03 16:16:01,831 - INFO - 現在の画面表示: 最終更新日時
2026-05-03 17:22:20,127 - INFO - アクセス中: http://newmanager.cityheaven.net/
2026-05-03 17:22:20,179 - ERROR - エラーが発生しました (試行 1/3): Page.goto: net::ERR_INTERNET_DISCONNECTED at http://newmanager.cityheaven.net/
Call log:
  - navigating to "http://newmanager.cityheaven.net/", waiting until "load"

2026-05-03 17:22:20,179 - INFO - 300秒後にリトライします...
2026-05-03 20:07:21,158 - INFO - アクセス中: http://newmanager.cityheaven.net/
2026-05-03 20:07:30,086 - INFO - ログイン情報を入力中...
2026-05-03 20:07:33,759 - INFO - ログイン中...
2026-05-03 20:07:39,053 - INFO - 更新ボタンを探索中...
2026-05-03 20:07:39,107 - INFO - 直接探索でボタンを特定しました: button:has-text("更新")
2026-05-03 20:07:41,017 - INFO - 更新ボタンをクリックします。
2026-05-03 20:07:41,086 - INFO - ダイアログを承認: お店ページの更新日時を更新しますか？
2026-05-03 20:07:41,100 - INFO - 処理完了を待機中...
2026-05-03 20:07:46,357 - INFO - 更新処理を完了しました。結果を確認します。
2026-05-03 20:07:46,492 - INFO - 現在の画面表示: 最終更新日時
2026-05-03 20:08:48,180 - INFO - アクセス中: http://newmanager.cityheaven.net/
2026-05-03 20:08:58,045 - INFO - ログイン情報を入力中...
2026-05-03 20:09:01,635 - INFO - ログイン中...
2026-05-03 20:09:08,734 - INFO - 更新ボタンを探索中...
2026-05-03 20:09:08,791 - INFO - 直接探索でボタンを特定しました: button:has-text("更新")
2026-05-03 20:09:10,678 - INFO - 更新ボタンをクリックします。
2026-05-03 20:09:10,727 - INFO - ダイアログを承認: お店ページの更新日時を更新しますか？
2026-05-03 20:09:10,736 - INFO - 処理完了を待機中...
2026-05-03 20:09:16,213 - INFO - 更新処理を完了しました。結果を確認します。
2026-05-03 20:09:16,345 - INFO - 現在の画面表示: 最終更新日時
2026-05-03 20:09:17,456 - INFO - アクセス中: http://newmanager.cityheaven.net/
2026-05-03 20:09:26,844 - INFO - ログイン情報を入力中...
2026-05-03 20:09:30,614 - INFO - ログイン中...
2026-05-03 20:09:37,628 - INFO - 更新ボタンを探索中...
2026-05-03 20:09:37,706 - INFO - 直接探索でボタンを特定しました: button:has-text("更新")
2026-05-03 20:09:38,876 - INFO - 更新ボタンをクリックします。
2026-05-03 20:09:38,925 - INFO - ダイアログを承認: お店ページの更新日時を更新しますか？
2026-05-03 20:09:38,935 - INFO - 処理完了を待機中...
2026-05-03 20:09:44,242 - INFO - 更新処理を完了しました。結果を確認します。
2026-05-03 20:09:44,366 - INFO - 現在の画面表示: 最終更新日時
2026-05-03 20:09:45,418 - INFO - アクセス中: http://newmanager.cityheaven.net/
2026-05-03 20:09:56,786 - INFO - ログイン情報を入力中...
2026-05-03 20:10:00,688 - INFO - ログイン中...
2026-05-03 20:10:06,233 - INFO - 更新ボタンを探索中...
2026-05-03 20:10:06,287 - INFO - 直接探索でボタンを特定しました: button:has-text("更新")
2026-05-03 20:10:08,073 - INFO - 更新ボタンをクリックします。
2026-05-03 20:10:08,130 - INFO - ダイアログを承認: お店ページの更新日時を更新しますか？
2026-05-03 20:10:08,140 - INFO - 処理完了を待機中...
2026-05-03 20:10:15,623 - INFO - 更新処理を完了しました。結果を確認します。
2026-05-03 20:10:15,747 - INFO - 現在の画面表示: 最終更新日時
2026-05-03 20:10:16,803 - INFO - アクセス中: http://newmanager.cityheaven.net/
2026-05-03 20:10:28,071 - INFO - ログイン情報を入力中...
2026-05-03 20:10:31,139 - INFO - ログイン中...
2026-05-03 20:10:37,974 - INFO - 更新ボタンを探索中...
2026-05-03 20:10:38,025 - INFO - 直接探索でボタンを特定しました: button:has-text("更新")
2026-05-03 20:10:39,335 - INFO - 更新ボタンをクリックします。
2026-05-03 20:10:39,396 - INFO - ダイアログを承認: お店ページの更新日時を更新しますか？
2026-05-03 20:10:39,405 - INFO - 処理完了を待機中...
2026-05-03 20:10:47,127 - INFO - 更新処理を完了しました。結果を確認します。
2026-05-03 20:10:47,263 - INFO - 現在の画面表示: 最終更新日時
2026-05-03 20:15:48,982 - INFO - アクセス中: http://newmanager.cityheaven.net/
2026-05-03 20:16:00,332 - INFO - ログイン情報を入力中...
2026-05-03 20:16:04,644 - INFO - ログイン中...
2026-05-03 20:16:10,779 - INFO - 更新ボタンを探索中...
2026-05-03 20:16:10,821 - INFO - 直接探索でボタンを特定しました: button:has-text("更新")
2026-05-03 20:16:12,436 - INFO - 更新ボタンをクリックします。
2026-05-03 20:16:12,495 - INFO - ダイアログを承認: お店ページの更新日時を更新しますか？
2026-05-03 20:16:12,505 - INFO - 処理完了を待機中...
2026-05-03 20:16:19,378 - INFO - 更新処理を完了しました。結果を確認します。
2026-05-03 20:16:19,486 - INFO - 現在の画面表示: 最終更新日時
2026-05-03 20:45:21,578 - INFO - アクセス中: http://newmanager.cityheaven.net/
2026-05-03 20:45:33,206 - INFO - ログイン情報を入力中...
2026-05-03 20:45:36,000 - INFO - ログイン中...
2026-05-03 20:45:41,980 - INFO - 更新ボタンを探索中...
2026-05-03 20:45:42,041 - INFO - 直接探索でボタンを特定しました: button:has-text("更新")
2026-05-03 20:45:43,729 - INFO - 更新ボタンをクリックします。
2026-05-03 20:45:43,787 - INFO - ダイアログを承認: お店ページの更新日時を更新しますか？
2026-05-03 20:45:43,797 - INFO - 処理完了を待機中...
2026-05-03 20:45:49,888 - INFO - 更新処理を完了しました。結果を確認します。
2026-05-03 20:45:50,042 - INFO - 現在の画面表示: 最終更新日時
2026-05-03 21:15:52,044 - INFO - アクセス中: http://newmanager.cityheaven.net/
2026-05-03 21:16:12,662 - INFO - ログイン情報を入力中...
2026-05-03 21:16:15,940 - INFO - ログイン中...
2026-05-03 21:16:24,694 - INFO - 更新ボタンを探索中...
2026-05-03 21:16:24,856 - INFO - 直接探索でボタンを特定しました: button:has-text("更新")
2026-05-03 21:16:26,583 - INFO - 更新ボタンをクリックします。
2026-05-03 21:16:26,894 - INFO - ダイアログを承認: お店ページの更新日時を更新しますか？
2026-05-03 21:16:26,952 - INFO - 処理完了を待機中...
2026-05-03 21:16:33,864 - INFO - 更新処理を完了しました。結果を確認します。
2026-05-03 21:16:33,986 - INFO - 現在の画面表示: 最終更新日時
2026-05-03 21:45:36,046 - INFO - アクセス中: http://newmanager.cityheaven.net/
2026-05-03 21:46:06,099 - INFO - ログイン情報を入力中...
2026-05-03 21:46:08,772 - INFO - ログイン中...
2026-05-03 21:46:17,199 - INFO - 更新ボタンを探索中...
2026-05-03 21:46:17,251 - INFO - 直接探索でボタンを特定しました: button:has-text("更新")
2026-05-03 21:46:18,692 - INFO - 更新ボタンをクリックします。
2026-05-03 21:46:48,845 - ERROR - エラーが発生しました (試行 1/3): Locator.click: Timeout 30000ms exceeded.
Call log:
  - waiting for locator("button:has-text(\"更新\")").filter(visible=True).first
    - locator resolved to <button disabled="disabled" id="cntButtonDisable">…</button>
  - attempting click action
    2 × waiting for element to be visible, enabled and stable
      - element is not enabled
    - retrying click action
    - waiting 20ms
    2 × waiting for element to be visible, enabled and stable
      - element is not enabled
    - retrying click action
      - waiting 100ms
    56 × waiting for element to be visible, enabled and stable
       - element is not enabled
     - retrying click action
       - waiting 500ms

2026-05-03 21:46:48,845 - INFO - 300秒後にリトライします...
2026-05-03 21:51:50,214 - INFO - アクセス中: http://newmanager.cityheaven.net/
2026-05-03 21:52:20,285 - ERROR - エラーが発生しました (試行 2/3): Page.goto: Timeout 30000ms exceeded.
Call log:
  - navigating to "http://newmanager.cityheaven.net/", waiting until "load"

2026-05-03 21:52:20,285 - INFO - 300秒後にリトライします...
2026-05-03 21:57:21,508 - INFO - アクセス中: http://newmanager.cityheaven.net/
2026-05-03 21:57:56,390 - INFO - ログイン情報を入力中...
2026-05-03 21:57:59,614 - INFO - ログイン中...
2026-05-03 21:58:06,851 - INFO - 更新ボタンを探索中...
2026-05-03 21:58:06,898 - INFO - 直接探索でボタンを特定しました: button:has-text("更新")
2026-05-03 21:58:08,150 - INFO - 更新ボタンをクリックします。
2026-05-03 21:58:38,258 - ERROR - エラーが発生しました (試行 3/3): Locator.click: Timeout 30000ms exceeded.
Call log:
  - waiting for locator("button:has-text(\"更新\")").filter(visible=True).first
    - locator resolved to <button disabled="disabled" id="cntButtonDisable">…</button>
  - attempting click action
    2 × waiting for element to be visible, enabled and stable
      - element is not enabled
    - retrying click action
    - waiting 20ms
    2 × waiting for element to be visible, enabled and stable
      - element is not enabled
    - retrying click action
      - waiting 100ms
    56 × waiting for element to be visible, enabled and stable
       - element is not enabled
     - retrying click action
       - waiting 500ms

2026-05-03 21:58:38,258 - ERROR - 最大リトライ回数に達しました。
2026-05-05 14:15:32,878 - INFO - アクセス中: http://newmanager.cityheaven.net/
2026-05-05 14:15:40,075 - INFO - ログイン情報を入力中...
2026-05-05 14:15:42,870 - INFO - ログイン中...
2026-05-05 14:15:50,114 - INFO - 更新ボタンを探索中...
2026-05-05 14:15:50,172 - INFO - 直接探索でボタンを特定しました: button:has-text("更新")
2026-05-05 14:15:51,541 - INFO - 更新ボタンをクリックします。
2026-05-05 14:15:51,593 - INFO - ダイアログを承認: お店ページの更新日時を更新しますか？
2026-05-05 14:15:51,603 - INFO - 処理完了を待機中...
2026-05-05 14:15:58,099 - INFO - 更新処理を完了しました。結果を確認します。
2026-05-05 14:15:58,218 - INFO - 現在の画面表示: 最終更新日時
2026-05-05 15:53:33,448 - INFO - アクセス中: http://newmanager.cityheaven.net/
2026-05-05 15:53:34,183 - ERROR - エラーが発生しました (試行 1/3): Page.goto: net::ERR_INTERNET_DISCONNECTED at http://newmanager.cityheaven.net/
Call log:
  - navigating to "http://newmanager.cityheaven.net/", waiting until "load"

2026-05-05 15:53:34,185 - INFO - 300秒後にリトライします...
2026-05-05 17:58:10,756 - INFO - アクセス中: http://newmanager.cityheaven.net/
2026-05-05 17:58:10,801 - ERROR - エラーが発生しました (試行 2/3): Page.goto: net::ERR_INTERNET_DISCONNECTED at http://newmanager.cityheaven.net/
Call log:
  - navigating to "http://newmanager.cityheaven.net/", waiting until "load"

2026-05-05 17:58:10,801 - INFO - 300秒後にリトライします...
2026-05-05 19:29:13,423 - INFO - アクセス中: http://newmanager.cityheaven.net/
2026-05-05 19:29:13,497 - ERROR - エラーが発生しました (試行 3/3): Page.goto: net::ERR_INTERNET_DISCONNECTED at http://newmanager.cityheaven.net/
Call log:
  - navigating to "http://newmanager.cityheaven.net/", waiting until "load"

2026-05-05 19:29:13,497 - ERROR - 最大リトライ回数に達しました。
2026-05-05 19:39:58,003 - INFO - アクセス中: http://newmanager.cityheaven.net/
2026-05-05 19:40:11,435 - INFO - ログイン情報を入力中...
2026-05-05 19:40:14,307 - INFO - ログイン中...
2026-05-05 19:40:20,717 - INFO - 更新ボタンを探索中...
2026-05-05 19:40:20,778 - INFO - 直接探索でボタンを特定しました: button:has-text("更新")
2026-05-05 19:40:22,809 - INFO - 更新ボタンをクリックします。
2026-05-05 19:40:22,871 - INFO - ダイアログを承認: お店ページの更新日時を更新しますか？
2026-05-05 19:40:22,888 - INFO - 処理完了を待機中...
2026-05-05 19:40:29,048 - INFO - 更新処理を完了しました。結果を確認します。
2026-05-05 19:40:29,223 - INFO - 現在の画面表示: 最終更新日時
2026-05-05 19:40:30,567 - INFO - アクセス中: http://newmanager.cityheaven.net/
2026-05-05 19:40:38,338 - INFO - ログイン情報を入力中...
2026-05-05 19:40:41,835 - INFO - ログイン中...
2026-05-05 19:40:48,416 - INFO - 更新ボタンを探索中...
2026-05-05 19:40:48,472 - INFO - 直接探索でボタンを特定しました: button:has-text("更新")
2026-05-05 19:40:50,110 - INFO - 更新ボタンをクリックします。
2026-05-05 19:40:50,159 - INFO - ダイアログを承認: お店ページの更新日時を更新しますか？
2026-05-05 19:40:50,170 - INFO - 処理完了を待機中...
2026-05-05 19:43:18,697 - INFO - 更新処理を完了しました。結果を確認します。
2026-05-05 19:43:19,267 - INFO - 現在の画面表示: 最終更新日時
2026-05-05 19:43:24,470 - INFO - アクセス中: http://newmanager.cityheaven.net/
2026-05-05 19:43:34,579 - INFO - ログイン情報を入力中...
2026-05-05 19:43:38,921 - INFO - ログイン中...
2026-05-05 19:43:46,120 - INFO - 更新ボタンを探索中...
2026-05-05 19:43:46,167 - INFO - 直接探索でボタンを特定しました: button:has-text("更新")
2026-05-05 19:43:48,194 - INFO - 更新ボタンをクリックします。
2026-05-05 19:43:48,247 - INFO - ダイアログを承認: お店ページの更新日時を更新しますか？
2026-05-05 19:43:48,257 - INFO - 処理完了を待機中...
2026-05-05 19:43:54,509 - INFO - 更新処理を完了しました。結果を確認します。
2026-05-05 19:43:54,685 - INFO - 現在の画面表示: 最終更新日時
2026-05-05 19:43:56,832 - INFO - アクセス中: http://newmanager.cityheaven.net/
2026-05-05 19:44:07,216 - INFO - ログイン情報を入力中...
2026-05-05 19:44:09,966 - INFO - ログイン中...
2026-05-05 19:44:17,345 - INFO - 更新ボタンを探索中...
2026-05-05 19:44:17,426 - INFO - 直接探索でボタンを特定しました: button:has-text("更新")
2026-05-05 19:44:18,681 - INFO - 更新ボタンをクリックします。
2026-05-05 19:44:18,771 - INFO - ダイアログを承認: お店ページの更新日時を更新しますか？
2026-05-05 19:44:18,814 - INFO - 処理完了を待機中...
2026-05-05 19:44:24,175 - INFO - 更新処理を完了しました。結果を確認します。
2026-05-05 19:44:24,338 - INFO - 現在の画面表示: 最終更新日時
2026-05-05 19:44:25,568 - INFO - アクセス中: http://newmanager.cityheaven.net/
2026-05-05 19:44:34,428 - INFO - ログイン情報を入力中...
2026-05-05 19:44:37,917 - INFO - ログイン中...
2026-05-05 19:44:44,915 - INFO - 更新ボタンを探索中...
2026-05-05 19:44:44,998 - INFO - 直接探索でボタンを特定しました: button:has-text("更新")
2026-05-05 19:44:46,356 - INFO - 更新ボタンをクリックします。
2026-05-05 19:44:46,415 - INFO - ダイアログを承認: お店ページの更新日時を更新しますか？
2026-05-05 19:44:46,426 - INFO - 処理完了を待機中...
2026-05-05 19:44:53,151 - INFO - 更新処理を完了しました。結果を確認します。
2026-05-05 19:44:53,276 - INFO - 現在の画面表示: 最終更新日時
2026-05-05 19:45:55,263 - INFO - アクセス中: http://newmanager.cityheaven.net/
2026-05-05 19:46:04,784 - INFO - ログイン情報を入力中...
2026-05-05 19:46:08,033 - INFO - ログイン中...
2026-05-05 19:46:14,610 - INFO - 更新ボタンを探索中...
2026-05-05 19:46:14,650 - INFO - 直接探索でボタンを特定しました: button:has-text("更新")
2026-05-05 19:46:15,737 - INFO - 更新ボタンをクリックします。
2026-05-05 19:46:15,807 - INFO - ダイアログを承認: お店ページの更新日時を更新しますか？
2026-05-05 19:46:15,813 - INFO - 処理完了を待機中...
2026-05-05 19:46:22,533 - INFO - 更新処理を完了しました。結果を確認します。
2026-05-05 19:46:22,649 - INFO - 現在の画面表示: 最終更新日時
2026-05-05 20:15:26,188 - INFO - アクセス中: http://newmanager.cityheaven.net/
2026-05-05 20:15:35,828 - INFO - ログイン情報を入力中...
2026-05-05 20:15:40,331 - INFO - ログイン中...
2026-05-05 20:15:46,301 - INFO - 更新ボタンを探索中...
2026-05-05 20:15:46,358 - INFO - 直接探索でボタンを特定しました: button:has-text("更新")
2026-05-05 20:15:48,108 - INFO - 更新ボタンをクリックします。
2026-05-05 20:15:48,148 - INFO - ダイアログを承認: お店ページの更新日時を更新しますか？
2026-05-05 20:15:48,155 - INFO - 処理完了を待機中...
2026-05-05 20:15:55,911 - INFO - 更新処理を完了しました。結果を確認します。
2026-05-05 20:15:56,044 - INFO - 現在の画面表示: 最終更新日時
2026-05-05 20:45:58,917 - INFO - アクセス中: http://newmanager.cityheaven.net/
2026-05-05 20:46:22,960 - INFO - ログイン情報を入力中...
2026-05-05 20:46:26,096 - INFO - ログイン中...
2026-05-05 20:46:36,034 - INFO - 更新ボタンを探索中...
2026-05-05 20:46:36,143 - INFO - 直接探索でボタンを特定しました: button:has-text("更新")
2026-05-05 20:46:38,020 - INFO - 更新ボタンをクリックします。
2026-05-05 20:46:38,126 - INFO - ダイアログを承認: お店ページの更新日時を更新しますか？
2026-05-05 20:46:38,145 - INFO - 処理完了を待機中...
2026-05-05 20:46:45,220 - INFO - 更新処理を完了しました。結果を確認します。
2026-05-05 20:46:45,350 - INFO - 現在の画面表示: 最終更新日時
2026-05-05 21:15:48,278 - INFO - アクセス中: http://newmanager.cityheaven.net/
2026-05-05 21:16:18,524 - ERROR - エラーが発生しました (試行 1/3): Page.goto: Timeout 30000ms exceeded.
Call log:
  - navigating to "http://newmanager.cityheaven.net/", waiting until "load"

2026-05-05 21:16:18,525 - INFO - 300秒後にリトライします...
2026-05-05 21:21:21,248 - INFO - アクセス中: http://newmanager.cityheaven.net/
2026-05-05 21:21:46,785 - INFO - ログイン情報を入力中...
2026-05-05 21:21:50,254 - INFO - ログイン中...
2026-05-05 21:21:57,947 - INFO - 更新ボタンを探索中...
2026-05-05 21:21:58,050 - INFO - 直接探索でボタンを特定しました: button:has-text("更新")
2026-05-05 21:21:59,519 - INFO - 更新ボタンをクリックします。
2026-05-05 21:21:59,602 - INFO - ダイアログを承認: お店ページの更新日時を更新しますか？
2026-05-05 21:21:59,616 - INFO - 処理完了を待機中...
2026-05-05 21:22:04,676 - INFO - 更新処理を完了しました。結果を確認します。
2026-05-05 21:22:04,816 - INFO - 現在の画面表示: 最終更新日時
2026-05-06 17:15:37,792 - INFO - アクセス中: http://newmanager.cityheaven.net/
2026-05-06 17:15:37,835 - ERROR - エラーが発生しました (試行 1/3): Page.goto: net::ERR_INTERNET_DISCONNECTED at http://newmanager.cityheaven.net/
Call log:
  - navigating to "http://newmanager.cityheaven.net/", waiting until "load"

2026-05-06 17:15:37,835 - INFO - 300秒後にリトライします...
2026-05-06 17:20:39,122 - INFO - アクセス中: http://newmanager.cityheaven.net/
2026-05-06 17:20:39,168 - ERROR - エラーが発生しました (試行 2/3): Page.goto: net::ERR_INTERNET_DISCONNECTED at http://newmanager.cityheaven.net/
Call log:
  - navigating to "http://newmanager.cityheaven.net/", waiting until "load"

2026-05-06 17:20:39,169 - INFO - 300秒後にリトライします...
2026-05-06 17:25:40,532 - INFO - アクセス中: http://newmanager.cityheaven.net/
2026-05-06 17:25:40,582 - ERROR - エラーが発生しました (試行 3/3): Page.goto: net::ERR_INTERNET_DISCONNECTED at http://newmanager.cityheaven.net/
Call log:
  - navigating to "http://newmanager.cityheaven.net/", waiting until "load"

2026-05-06 17:25:40,582 - ERROR - 最大リトライ回数に達しました。
2026-05-06 18:45:23,977 - INFO - アクセス中: http://newmanager.cityheaven.net/
2026-05-06 18:45:46,467 - INFO - ログイン情報を入力中...
2026-05-06 18:45:49,479 - INFO - ログイン中...
2026-05-06 18:45:57,495 - INFO - 更新ボタンを探索中...
2026-05-06 18:45:57,546 - INFO - 直接探索でボタンを特定しました: button:has-text("更新")
2026-05-06 18:45:59,125 - INFO - 更新ボタンをクリックします。
2026-05-06 18:45:59,241 - INFO - ダイアログを承認: お店ページの更新日時を更新しますか？
2026-05-06 18:45:59,277 - INFO - 処理完了を待機中...
2026-05-06 18:46:05,919 - INFO - 更新処理を完了しました。結果を確認します。
2026-05-06 18:46:06,119 - INFO - 現在の画面表示: 最終更新日時
2026-05-06 19:31:52,922 - INFO - アクセス中: http://newmanager.cityheaven.net/
2026-05-06 19:31:52,979 - ERROR - エラーが発生しました (試行 1/3): Page.goto: net::ERR_INTERNET_DISCONNECTED at http://newmanager.cityheaven.net/
Call log:
  - navigating to "http://newmanager.cityheaven.net/", waiting until "load"

2026-05-06 19:31:52,979 - INFO - 300秒後にリトライします...
2026-05-06 21:17:11,188 - INFO - アクセス中: http://newmanager.cityheaven.net/
2026-05-06 21:17:11,242 - ERROR - エラーが発生しました (試行 2/3): Page.goto: net::ERR_INTERNET_DISCONNECTED at http://newmanager.cityheaven.net/
Call log:
  - navigating to "http://newmanager.cityheaven.net/", waiting until "load"

2026-05-06 21:17:11,242 - INFO - 300秒後にリトライします...
2026-05-06 23:48:15,122 - INFO - アクセス中: http://newmanager.cityheaven.net/
2026-05-06 23:48:15,185 - ERROR - エラーが発生しました (試行 3/3): Page.goto: net::ERR_INTERNET_DISCONNECTED at http://newmanager.cityheaven.net/
Call log:
  - navigating to "http://newmanager.cityheaven.net/", waiting until "load"

2026-05-06 23:48:15,186 - ERROR - 最大リトライ回数に達しました。
2026-05-06 23:56:10,237 - INFO - アクセス中: http://newmanager.cityheaven.net/
2026-05-06 23:56:40,528 - ERROR - エラーが発生しました (試行 1/3): Page.goto: Timeout 30000ms exceeded.
Call log:
  - navigating to "http://newmanager.cityheaven.net/", waiting until "load"

2026-05-06 23:56:40,536 - INFO - 300秒後にリトライします...
2026-05-07 00:01:42,388 - INFO - アクセス中: http://newmanager.cityheaven.net/
2026-05-07 00:02:13,023 - INFO - ログイン情報を入力中...
2026-05-07 00:02:17,045 - INFO - ログイン中...
2026-05-07 00:02:31,179 - INFO - 更新ボタンを探索中...
2026-05-07 00:02:31,244 - INFO - 直接探索でボタンを特定しました: button:has-text("更新")
2026-05-07 00:02:32,673 - INFO - 更新ボタンをクリックします。
2026-05-07 00:02:32,758 - INFO - ダイアログを承認: お店ページの更新日時を更新しますか？
2026-05-07 00:02:32,767 - INFO - 処理完了を待機中...
2026-05-07 00:02:40,534 - INFO - 更新処理を完了しました。結果を確認します。
2026-05-07 00:02:40,651 - INFO - 現在の画面表示: 最終更新日時
2026-05-07 00:02:42,234 - INFO - アクセス中: http://newmanager.cityheaven.net/
2026-05-07 00:03:15,009 - INFO - ログイン情報を入力中...
2026-05-07 00:03:18,636 - INFO - ログイン中...
2026-05-07 00:03:34,307 - INFO - 更新ボタンを探索中...
2026-05-07 00:03:34,368 - INFO - 直接探索でボタンを特定しました: button:has-text("更新")
2026-05-07 00:03:36,302 - INFO - 更新ボタンをクリックします。
2026-05-07 00:03:36,364 - INFO - ダイアログを承認: お店ページの更新日時を更新しますか？
2026-05-07 00:03:36,373 - INFO - 処理完了を待機中...
2026-05-07 00:03:43,161 - INFO - 更新処理を完了しました。結果を確認します。
2026-05-07 00:03:43,295 - INFO - 現在の画面表示: 最終更新日時
2026-05-07 00:03:44,541 - INFO - アクセス中: http://newmanager.cityheaven.net/
2026-05-07 00:04:14,469 - INFO - ログイン情報を入力中...
2026-05-07 00:04:17,441 - INFO - ログイン中...
2026-05-07 00:04:38,636 - INFO - 更新ボタンを探索中...
2026-05-07 00:04:38,675 - INFO - 直接探索でボタンを特定しました: button:has-text("更新")
2026-05-07 00:04:39,873 - INFO - 更新ボタンをクリックします。
2026-05-07 00:04:39,942 - INFO - ダイアログを承認: お店ページの更新日時を更新しますか？
2026-05-07 00:04:39,953 - INFO - 処理完了を待機中...
2026-05-07 00:04:47,177 - INFO - 更新処理を完了しました。結果を確認します。
2026-05-07 00:04:47,316 - INFO - 現在の画面表示: 最終更新日時
2026-05-07 00:04:48,396 - INFO - アクセス中: http://newmanager.cityheaven.net/
2026-05-07 00:05:16,198 - INFO - ログイン情報を入力中...
2026-05-07 00:05:18,836 - INFO - ログイン中...
2026-05-07 00:05:29,226 - INFO - 更新ボタンを探索中...
2026-05-07 00:05:29,265 - INFO - 直接探索でボタンを特定しました: button:has-text("更新")
2026-05-07 00:05:30,513 - INFO - 更新ボタンをクリックします。
2026-05-07 00:05:30,573 - INFO - ダイアログを承認: お店ページの更新日時を更新しますか？
2026-05-07 00:05:30,583 - INFO - 処理完了を待機中...
2026-05-07 00:05:37,925 - INFO - 更新処理を完了しました。結果を確認します。
2026-05-07 00:05:38,066 - INFO - 現在の画面表示: 最終更新日時
2026-05-07 00:05:38,952 - INFO - アクセス中: http://newmanager.cityheaven.net/
2026-05-07 00:05:57,656 - INFO - ログイン情報を入力中...
2026-05-07 00:06:00,396 - INFO - ログイン中...
2026-05-07 00:06:12,886 - INFO - 更新ボタンを探索中...
2026-05-07 00:06:12,917 - INFO - 直接探索でボタンを特定しました: button:has-text("更新")
2026-05-07 00:06:14,160 - INFO - 更新ボタンをクリックします。
2026-05-07 00:06:14,208 - INFO - ダイアログを承認: お店ページの更新日時を更新しますか？
2026-05-07 00:06:14,216 - INFO - 処理完了を待機中...
2026-05-07 00:06:21,666 - INFO - 更新処理を完了しました。結果を確認します。
2026-05-07 00:06:21,783 - INFO - 現在の画面表示: 最終更新日時
2026-05-07 00:06:22,922 - INFO - アクセス中: http://newmanager.cityheaven.net/
2026-05-07 00:06:43,265 - INFO - ログイン情報を入力中...
2026-05-07 00:06:47,163 - INFO - ログイン中...
2026-05-07 00:06:58,615 - INFO - 更新ボタンを探索中...
2026-05-07 00:06:58,685 - INFO - 直接探索でボタンを特定しました: button:has-text("更新")
2026-05-07 00:07:00,399 - INFO - 更新ボタンをクリックします。
2026-05-07 00:07:00,478 - INFO - ダイアログを承認: お店ページの更新日時を更新しますか？
2026-05-07 00:07:00,494 - INFO - 処理完了を待機中...
2026-05-07 00:07:06,627 - INFO - 更新処理を完了しました。結果を確認します。
2026-05-07 00:07:06,748 - INFO - 現在の画面表示: 最終更新日時
2026-05-07 00:07:08,238 - INFO - アクセス中: http://newmanager.cityheaven.net/
2026-05-07 00:07:38,003 - INFO - ログイン情報を入力中...
2026-05-07 00:07:40,564 - INFO - ログイン中...
2026-05-07 00:07:51,031 - INFO - 更新ボタンを探索中...
2026-05-07 00:07:51,092 - INFO - 直接探索でボタンを特定しました: button:has-text("更新")
2026-05-07 00:07:52,927 - INFO - 更新ボタンをクリックします。
2026-05-07 00:07:52,989 - INFO - ダイアログを承認: お店ページの更新日時を更新しますか？
2026-05-07 00:07:52,999 - INFO - 処理完了を待機中...
2026-05-07 00:07:58,219 - INFO - 更新処理を完了しました。結果を確認します。
2026-05-07 00:07:58,342 - INFO - 現在の画面表示: 最終更新日時
2026-05-07 00:07:59,441 - INFO - アクセス中: http://newmanager.cityheaven.net/
2026-05-07 00:08:13,606 - INFO - ログイン情報を入力中...
2026-05-07 00:08:17,730 - INFO - ログイン中...
2026-05-07 00:08:25,454 - INFO - 更新ボタンを探索中...
2026-05-07 00:08:25,494 - INFO - 直接探索でボタンを特定しました: button:has-text("更新")
2026-05-07 00:08:27,045 - INFO - 更新ボタンをクリックします。
2026-05-07 00:08:27,092 - INFO - ダイアログを承認: お店ページの更新日時を更新しますか？
2026-05-07 00:08:27,104 - INFO - 処理完了を待機中...
2026-05-07 00:08:33,517 - INFO - 更新処理を完了しました。結果を確認します。
2026-05-07 00:08:33,637 - INFO - 現在の画面表示: 最終更新日時
2026-05-07 00:08:34,804 - INFO - アクセス中: http://newmanager.cityheaven.net/
2026-05-07 00:08:49,820 - INFO - ログイン情報を入力中...
2026-05-07 00:08:52,775 - INFO - ログイン中...
2026-05-07 00:09:09,476 - INFO - 更新ボタンを探索中...
2026-05-07 00:09:09,649 - INFO - 直接探索でボタンを特定しました: button:has-text("更新")
2026-05-07 00:09:11,569 - INFO - 更新ボタンをクリックします。
2026-05-07 00:09:11,689 - INFO - ダイアログを承認: お店ページの更新日時を更新しますか？
2026-05-07 00:09:11,716 - INFO - 処理完了を待機中...
2026-05-07 00:09:19,265 - INFO - 更新処理を完了しました。結果を確認します。
2026-05-07 00:09:19,945 - INFO - 現在の画面表示: 最終更新日時
2026-05-07 00:15:22,414 - INFO - アクセス中: http://newmanager.cityheaven.net/
2026-05-07 00:15:32,987 - INFO - ログイン情報を入力中...
2026-05-07 00:15:37,856 - INFO - ログイン中...
2026-05-07 00:15:56,294 - INFO - 更新ボタンを探索中...
2026-05-07 00:15:56,344 - INFO - 直接探索でボタンを特定しました: button:has-text("更新")
2026-05-07 00:15:57,940 - INFO - 更新ボタンをクリックします。
2026-05-07 00:15:57,994 - INFO - ダイアログを承認: お店ページの更新日時を更新しますか？
2026-05-07 00:15:58,003 - INFO - 処理完了を待機中...
2026-05-07 00:16:04,679 - INFO - 更新処理を完了しました。結果を確認します。
2026-05-07 00:16:04,808 - INFO - 現在の画面表示: 最終更新日時
